<?xml version="1.0" encoding="UTF-8"?>
<!-- Generated by org.testng.reporters.JUnitReportReporter -->
<testsuite hostname="INLEN8520016843" failures="0" tests="1" name="com.iNetBanking.testCases.TC_AddCustomerTest_003" time="11.440" errors="0" timestamp="2023-08-11T16:38:57 IST" skipped="0">
  <testcase classname="com.iNetBanking.testCases.TC_AddCustomerTest_003" name="addNewCustomer" time="11.440"/>
  <system-out/>
</testsuite> <!-- com.iNetBanking.testCases.TC_AddCustomerTest_003 -->
