<?xml version="1.0" encoding="UTF-8"?>
<!-- Generated by org.testng.reporters.JUnitReportReporter -->
<testsuite hostname="INLEN8520016843" failures="0" tests="1" name="com.iNetBanking.testCases.TC_AddCustomerTest_003" time="12.494" errors="0" timestamp="2023-08-14T17:21:44 IST" skipped="0">
  <testcase classname="com.iNetBanking.testCases.TC_AddCustomerTest_003" name="addNewCustomer" time="12.494"/>
  <system-out/>
</testsuite> <!-- com.iNetBanking.testCases.TC_AddCustomerTest_003 -->
